2012/10/05 11:08:59 [error] [php] include(JavaScriptPacker.php): failed to open stream: No such file or directory (G:\root\yii\framework\YiiBase.php:418)
Stack trace:
#0 G:\root\yii_uc_mtianya\protected\components\OZDo.php(120): spl_autoload_call()
#1 G:\root\yii\framework\web\CBaseController.php(174): OZDo->run()
#2 G:\root\yii_uc_mtianya\protected\views\site\index.php(7): SiteController->widget()
#3 G:\root\yii\framework\web\CBaseController.php(127): require()
#4 G:\root\yii\framework\web\CBaseController.php(96): SiteController->renderInternal()
#5 G:\root\yii\framework\web\CController.php(870): SiteController->renderFile()
#6 G:\root\yii\framework\web\CController.php(783): SiteController->renderPartial()
#7 G:\root\yii_uc_mtianya\protected\controllers\SiteController.php(42): SiteController->render()
#8 G:\root\yii\framework\web\actions\CInlineAction.php(50): SiteController->actionIndex()
#9 G:\root\yii\framework\web\CController.php(309): CInlineAction->runWithParams()
#10 G:\root\yii\framework\web\CController.php(287): SiteController->runAction()
#11 G:\root\yii\framework\web\CController.php(266): SiteController->runActionWithFilters()
#12 G:\root\yii\framework\web\CWebApplication.php(276): SiteController->run()
#13 G:\root\yii\framework\web\CWebApplication.php(135): CWebApplication->runController()
#14 G:\root\yii\framework\base\CApplication.php(162): CWebApplication->processRequest()
#15 G:\root\yii_uc_mtianya\index.php(13): CWebApplication->run()
REQUEST_URI=/
2012/10/05 11:09:00 [error] [exception.CHttpException.404] exception 'CHttpException' with message '无法解析请求 "js/zeroclipboard/ZeroClipboard.js"。' in G:\root\yii\framework\web\CWebApplication.php:280
Stack trace:
#0 G:\root\yii\framework\web\CWebApplication.php(135): CWebApplication->runController('js/zeroclipboar...')
#1 G:\root\yii\framework\base\CApplication.php(162): CWebApplication->processRequest()
#2 G:\root\yii_uc_mtianya\index.php(13): CApplication->run()
#3 {main}
REQUEST_URI=/js/zeroclipboard/ZeroClipboard.js
HTTP_REFERER=http://api.mtianya.com/
---
2012/10/05 11:09:31 [error] [exception.CHttpException.404] exception 'CHttpException' with message '无法解析请求 "js/zeroclipboard/ZeroClipboard.js"。' in G:\root\yii\framework\web\CWebApplication.php:280
Stack trace:
#0 G:\root\yii\framework\web\CWebApplication.php(135): CWebApplication->runController('js/zeroclipboar...')
#1 G:\root\yii\framework\base\CApplication.php(162): CWebApplication->processRequest()
#2 G:\root\yii_uc_mtianya\index.php(13): CApplication->run()
#3 {main}
REQUEST_URI=/js/zeroclipboard/ZeroClipboard.js
HTTP_REFERER=http://api.mtianya.com/
---
2012/10/05 11:39:19 [error] [exception.CException] exception 'CException' with message 'Tianya and its behaviors do not have a method or closure named "is_url".' in G:\root\yii\framework\base\CComponent.php:266
Stack trace:
#0 G:\root\yii_uc_mtianya\protected\components\Tianya.php(851): CComponent->__call('is_url', Array)
#1 G:\root\yii_uc_mtianya\protected\components\Tianya.php(851): Tianya->is_url('')
#2 G:\root\yii_uc_mtianya\protected\controllers\ApiController.php(305): Tianya->is_tianya('')
#3 G:\root\yii\framework\web\actions\CInlineAction.php(50): ApiController->actionDo()
#4 G:\root\yii\framework\web\CController.php(309): CInlineAction->runWithParams(Array)
#5 G:\root\yii\framework\web\CController.php(287): CController->runAction(Object(CInlineAction))
#6 G:\root\yii\framework\web\CController.php(266): CController->runActionWithFilters(Object(CInlineAction), Array)
#7 G:\root\yii\framework\web\CWebApplication.php(276): CController->run('do')
#8 G:\root\yii\framework\web\CWebApplication.php(135): CWebApplication->runController('api/do')
#9 G:\root\yii\framework\base\CApplication.php(162): CWebApplication->processRequest()
#10 G:\root\yii_uc_mtianya\index.php(13): CApplication->run()
#11 {main}
REQUEST_URI=/api/do
HTTP_REFERER=http://api.mtianya.com/
---
2012/10/05 11:39:22 [error] [exception.CException] exception 'CException' with message 'Tianya and its behaviors do not have a method or closure named "is_url".' in G:\root\yii\framework\base\CComponent.php:266
Stack trace:
#0 G:\root\yii_uc_mtianya\protected\components\Tianya.php(851): CComponent->__call('is_url', Array)
#1 G:\root\yii_uc_mtianya\protected\components\Tianya.php(851): Tianya->is_url('')
#2 G:\root\yii_uc_mtianya\protected\controllers\ApiController.php(305): Tianya->is_tianya('')
#3 G:\root\yii\framework\web\actions\CInlineAction.php(50): ApiController->actionDo()
#4 G:\root\yii\framework\web\CController.php(309): CInlineAction->runWithParams(Array)
#5 G:\root\yii\framework\web\CController.php(287): CController->runAction(Object(CInlineAction))
#6 G:\root\yii\framework\web\CController.php(266): CController->runActionWithFilters(Object(CInlineAction), Array)
#7 G:\root\yii\framework\web\CWebApplication.php(276): CController->run('do')
#8 G:\root\yii\framework\web\CWebApplication.php(135): CWebApplication->runController('api/do')
#9 G:\root\yii\framework\base\CApplication.php(162): CWebApplication->processRequest()
#10 G:\root\yii_uc_mtianya\index.php(13): CApplication->run()
#11 {main}
REQUEST_URI=/api/do
HTTP_REFERER=http://api.mtianya.com/
---
2012/10/05 11:39:25 [error] [exception.CException] exception 'CException' with message 'Tianya and its behaviors do not have a method or closure named "is_url".' in G:\root\yii\framework\base\CComponent.php:266
Stack trace:
#0 G:\root\yii_uc_mtianya\protected\components\Tianya.php(851): CComponent->__call('is_url', Array)
#1 G:\root\yii_uc_mtianya\protected\components\Tianya.php(851): Tianya->is_url('')
#2 G:\root\yii_uc_mtianya\protected\controllers\ApiController.php(305): Tianya->is_tianya('')
#3 G:\root\yii\framework\web\actions\CInlineAction.php(50): ApiController->actionDo()
#4 G:\root\yii\framework\web\CController.php(309): CInlineAction->runWithParams(Array)
#5 G:\root\yii\framework\web\CController.php(287): CController->runAction(Object(CInlineAction))
#6 G:\root\yii\framework\web\CController.php(266): CController->runActionWithFilters(Object(CInlineAction), Array)
#7 G:\root\yii\framework\web\CWebApplication.php(276): CController->run('do')
#8 G:\root\yii\framework\web\CWebApplication.php(135): CWebApplication->runController('api/do')
#9 G:\root\yii\framework\base\CApplication.php(162): CWebApplication->processRequest()
#10 G:\root\yii_uc_mtianya\index.php(13): CApplication->run()
#11 {main}
REQUEST_URI=/api/do
HTTP_REFERER=http://api.mtianya.com/
---
2012/10/05 11:39:29 [error] [exception.CException] exception 'CException' with message 'Tianya and its behaviors do not have a method or closure named "is_url".' in G:\root\yii\framework\base\CComponent.php:266
Stack trace:
#0 G:\root\yii_uc_mtianya\protected\components\Tianya.php(851): CComponent->__call('is_url', Array)
#1 G:\root\yii_uc_mtianya\protected\components\Tianya.php(851): Tianya->is_url('')
#2 G:\root\yii_uc_mtianya\protected\controllers\ApiController.php(305): Tianya->is_tianya('')
#3 G:\root\yii\framework\web\actions\CInlineAction.php(50): ApiController->actionDo()
#4 G:\root\yii\framework\web\CController.php(309): CInlineAction->runWithParams(Array)
#5 G:\root\yii\framework\web\CController.php(287): CController->runAction(Object(CInlineAction))
#6 G:\root\yii\framework\web\CController.php(266): CController->runActionWithFilters(Object(CInlineAction), Array)
#7 G:\root\yii\framework\web\CWebApplication.php(276): CController->run('do')
#8 G:\root\yii\framework\web\CWebApplication.php(135): CWebApplication->runController('api/do')
#9 G:\root\yii\framework\base\CApplication.php(162): CWebApplication->processRequest()
#10 G:\root\yii_uc_mtianya\index.php(13): CApplication->run()
#11 {main}
REQUEST_URI=/api/do
HTTP_REFERER=http://api.mtianya.com/
---
2012/10/05 11:41:38 [error] [exception.CHttpException.404] exception 'CHttpException' with message '无法解析请求 "js/zeroclipboard/ZeroClipboard.js"。' in G:\root\yii\framework\web\CWebApplication.php:280
Stack trace:
#0 G:\root\yii\framework\web\CWebApplication.php(135): CWebApplication->runController('js/zeroclipboar...')
#1 G:\root\yii\framework\base\CApplication.php(162): CWebApplication->processRequest()
#2 G:\root\yii_uc_mtianya\index.php(13): CApplication->run()
#3 {main}
REQUEST_URI=/js/zeroclipboard/ZeroClipboard.js
HTTP_REFERER=http://api.mtianya.com/
---
2012/10/05 11:42:01 [error] [php] Only variables should be passed by reference (G:\root\yii_uc_mtianya\protected\controllers\ApiController.php:306)
Stack trace:
#0 G:\root\yii\framework\web\CController.php(287): ApiController->runAction()
#1 G:\root\yii\framework\web\CController.php(266): ApiController->runActionWithFilters()
#2 G:\root\yii\framework\web\CWebApplication.php(276): ApiController->run()
#3 G:\root\yii\framework\web\CWebApplication.php(135): CWebApplication->runController()
#4 G:\root\yii\framework\base\CApplication.php(162): CWebApplication->processRequest()
#5 G:\root\yii_uc_mtianya\index.php(13): CWebApplication->run()
REQUEST_URI=/api/do
2012/10/05 11:42:23 [error] [php] Only variables should be passed by reference (G:\root\yii_uc_mtianya\protected\controllers\ApiController.php:306)
Stack trace:
#0 G:\root\yii\framework\web\CController.php(287): ApiController->runAction()
#1 G:\root\yii\framework\web\CController.php(266): ApiController->runActionWithFilters()
#2 G:\root\yii\framework\web\CWebApplication.php(276): ApiController->run()
#3 G:\root\yii\framework\web\CWebApplication.php(135): CWebApplication->runController()
#4 G:\root\yii\framework\base\CApplication.php(162): CWebApplication->processRequest()
#5 G:\root\yii_uc_mtianya\index.php(13): CWebApplication->run()
REQUEST_URI=/api/do
2012/10/05 11:42:49 [error] [php] Only variables should be passed by reference (G:\root\yii_uc_mtianya\protected\controllers\ApiController.php:306)
Stack trace:
#0 G:\root\yii\framework\web\CController.php(287): ApiController->runAction()
#1 G:\root\yii\framework\web\CController.php(266): ApiController->runActionWithFilters()
#2 G:\root\yii\framework\web\CWebApplication.php(276): ApiController->run()
#3 G:\root\yii\framework\web\CWebApplication.php(135): CWebApplication->runController()
#4 G:\root\yii\framework\base\CApplication.php(162): CWebApplication->processRequest()
#5 G:\root\yii_uc_mtianya\index.php(13): CWebApplication->run()
REQUEST_URI=/api/do
in G:\root\yii_uc_mtianya\protected\controllers\ApiController.php (306)
in G:\root\yii_uc_mtianya\index.php (13)
2012/10/05 11:44:01 [error] [exception.CHttpException.404] exception 'CHttpException' with message '无法解析请求 "js/zeroclipboard/ZeroClipboard.js"。' in G:\root\yii\framework\web\CWebApplication.php:280
Stack trace:
#0 G:\root\yii\framework\web\CWebApplication.php(135): CWebApplication->runController('js/zeroclipboar...')
#1 G:\root\yii\framework\base\CApplication.php(162): CWebApplication->processRequest()
#2 G:\root\yii_uc_mtianya\index.php(13): CApplication->run()
#3 {main}
REQUEST_URI=/js/zeroclipboard/ZeroClipboard.js
HTTP_REFERER=http://api.mtianya.com/
---
2012/10/05 11:45:07 [error] [exception.CException] exception 'CException' with message 'Tianya and its behaviors do not have a method or closure named "cutContent".' in G:\root\yii\framework\base\CComponent.php:266
Stack trace:
#0 G:\root\yii_uc_mtianya\protected\components\Tianya.php(946): CComponent->__call('cutContent', Array)
#1 G:\root\yii_uc_mtianya\protected\components\Tianya.php(946): Tianya->cutContent('<?xml version="...', '<div class="p3"...', '</div>')
#2 G:\root\yii_uc_mtianya\protected\controllers\ApiController.php(305): Tianya->is_tianya('http://www.tian...')
#3 G:\root\yii\framework\web\actions\CInlineAction.php(50): ApiController->actionDo()
#4 G:\root\yii\framework\web\CController.php(309): CInlineAction->runWithParams(Array)
#5 G:\root\yii\framework\web\CController.php(287): CController->runAction(Object(CInlineAction))
#6 G:\root\yii\framework\web\CController.php(266): CController->runActionWithFilters(Object(CInlineAction), Array)
#7 G:\root\yii\framework\web\CWebApplication.php(276): CController->run('do')
#8 G:\root\yii\framework\web\CWebApplication.php(135): CWebApplication->runController('api/do')
#9 G:\root\yii\framework\base\CApplication.php(162): CWebApplication->processRequest()
#10 G:\root\yii_uc_mtianya\index.php(13): CApplication->run()
#11 {main}
REQUEST_URI=/api/do
HTTP_REFERER=http://api.mtianya.com/
---
2012/10/05 11:47:21 [error] [exception.CHttpException.404] exception 'CHttpException' with message '无法解析请求 "js/zeroclipboard/ZeroClipboard.js"。' in G:\root\yii\framework\web\CWebApplication.php:280
Stack trace:
#0 G:\root\yii\framework\web\CWebApplication.php(135): CWebApplication->runController('js/zeroclipboar...')
#1 G:\root\yii\framework\base\CApplication.php(162): CWebApplication->processRequest()
#2 G:\root\yii_uc_mtianya\index.php(13): CApplication->run()
#3 {main}
REQUEST_URI=/js/zeroclipboard/ZeroClipboard.js
HTTP_REFERER=http://api.mtianya.com/
---
2012/10/05 12:09:21 [error] [exception.CHttpException.404] exception 'CHttpException' with message '无法解析请求 "pics/nav/ui_ns_sbg4.png"。' in G:\root\yii\framework\web\CWebApplication.php:280
Stack trace:
#0 G:\root\yii\framework\web\CWebApplication.php(135): CWebApplication->runController('pics/nav/ui_ns_...')
#1 G:\root\yii\framework\base\CApplication.php(162): CWebApplication->processRequest()
#2 G:\root\yii_uc_mtianya\index.php(13): CApplication->run()
#3 {main}
REQUEST_URI=/pics/nav/ui_ns_sbg4.png
HTTP_REFERER=http://api.mtianya.com/css/main.css
---
2012/10/05 12:09:24 [error] [exception.CHttpException.404] exception 'CHttpException' with message '无法解析请求 "pics/nav/ui_ns_sbg4.png"。' in G:\root\yii\framework\web\CWebApplication.php:280
Stack trace:
#0 G:\root\yii\framework\web\CWebApplication.php(135): CWebApplication->runController('pics/nav/ui_ns_...')
#1 G:\root\yii\framework\base\CApplication.php(162): CWebApplication->processRequest()
#2 G:\root\yii_uc_mtianya\index.php(13): CApplication->run()
#3 {main}
REQUEST_URI=/pics/nav/ui_ns_sbg4.png
---
